c:\users\administrator\desktop\program\aypro\x64\debug\vc143.pdb
c:\users\administrator\desktop\program\aypro\x64\debug\vc143.idb
c:\users\administrator\desktop\program\aypro\x64\debug\source.obj
c:\users\administrator\desktop\program\aypro\x64\debug\prime.obj
c:\users\administrator\desktop\program\aypro\x64\debug\aypro.ilk
c:\users\administrator\desktop\program\x64\debug\aypro.pdb
c:\users\administrator\desktop\program\aypro\x64\debug\aypro.tlog\cl.command.1.tlog
c:\users\administrator\desktop\program\aypro\x64\debug\aypro.tlog\cl.items.tlog
c:\users\administrator\desktop\program\aypro\x64\debug\aypro.tlog\cl.read.1.tlog
c:\users\administrator\desktop\program\aypro\x64\debug\aypro.tlog\cl.write.1.tlog
c:\users\administrator\desktop\program\aypro\x64\debug\aypro.tlog\link.9656-cvtres.read.1.tlog
c:\users\administrator\desktop\program\aypro\x64\debug\aypro.tlog\link.9656-cvtres.write.1.tlog
c:\users\administrator\desktop\program\aypro\x64\debug\aypro.tlog\link.9656-rc.read.1.tlog
c:\users\administrator\desktop\program\aypro\x64\debug\aypro.tlog\link.9656-rc.write.1.tlog
c:\users\administrator\desktop\program\aypro\x64\debug\aypro.tlog\link.9656.read.1.tlog
c:\users\administrator\desktop\program\aypro\x64\debug\aypro.tlog\link.9656.read.2.tlog
c:\users\administrator\desktop\program\aypro\x64\debug\aypro.tlog\link.9656.read.3.tlog
c:\users\administrator\desktop\program\aypro\x64\debug\aypro.tlog\link.9656.read.4.tlog
c:\users\administrator\desktop\program\aypro\x64\debug\aypro.tlog\link.9656.write.1.tlog
c:\users\administrator\desktop\program\aypro\x64\debug\aypro.tlog\link.command.1.tlog
c:\users\administrator\desktop\program\aypro\x64\debug\aypro.tlog\link.read.1.tlog
c:\users\administrator\desktop\program\aypro\x64\debug\aypro.tlog\link.secondary.1.tlog
c:\users\administrator\desktop\program\aypro\x64\debug\aypro.tlog\link.write.1.tlog
